2020-07-08 17:05:02,098 INFO o.a.j.u.JMeterUtils: Setting Locale to en_EN
2020-07-08 17:05:02,119 INFO o.a.j.JMeter: Loading user properties from: /Users/klook1/Downloads/apache-jmeter-4.0/bin/user.properties
2020-07-08 17:05:02,120 INFO o.a.j.JMeter: Loading system properties from: /Users/klook1/Downloads/apache-jmeter-4.0/bin/system.properties
2020-07-08 17:05:02,126 INFO o.a.j.JMeter: Copyright (c) 1998-2018 The Apache Software Foundation
2020-07-08 17:05:02,126 INFO o.a.j.JMeter: Version 4.0 r1823414
2020-07-08 17:05:02,126 INFO o.a.j.JMeter: java.version=1.8.0_181
2020-07-08 17:05:02,126 INFO o.a.j.JMeter: java.vm.name=Java HotSpot(TM) 64-Bit Server VM
2020-07-08 17:05:02,126 INFO o.a.j.JMeter: os.name=Mac OS X
2020-07-08 17:05:02,126 INFO o.a.j.JMeter: os.arch=x86_64
2020-07-08 17:05:02,126 INFO o.a.j.JMeter: os.version=10.15.4
2020-07-08 17:05:02,126 INFO o.a.j.JMeter: file.encoding=UTF-8
2020-07-08 17:05:02,126 INFO o.a.j.JMeter: Max memory     =1073741824
2020-07-08 17:05:02,127 INFO o.a.j.JMeter: Available Processors =8
2020-07-08 17:05:02,130 INFO o.a.j.JMeter: Default Locale=English (EN)
2020-07-08 17:05:02,131 INFO o.a.j.JMeter: JMeter  Locale=English (EN)
2020-07-08 17:05:02,131 INFO o.a.j.JMeter: JMeterHome=/Users/klook1/Downloads/apache-jmeter-4.0
2020-07-08 17:05:02,131 INFO o.a.j.JMeter: user.dir  =/Users/klook1/bill/jmeter_package/test
2020-07-08 17:05:02,131 INFO o.a.j.JMeter: PWD       =/Users/klook1/bill/jmeter_package/test
2020-07-08 17:05:02,308 INFO o.a.j.JMeter: IP: 10.2.30.240 Name: CN-MAC-615-1805 FullName: 10.2.30.240
2020-07-08 17:05:04,027 INFO o.a.j.g.a.LookAndFeelCommand: Installing Darcula LAF
2020-07-08 17:05:04,045 INFO o.a.j.g.a.LookAndFeelCommand: Using look and feel: com.bulenkov.darcula.DarculaLaf [Darcula]
2020-07-08 17:05:04,046 INFO o.a.j.JMeter: Setting LAF to: com.bulenkov.darcula.DarculaLaf
2020-07-08 17:05:04,109 INFO o.a.j.JMeter: Loaded icon properties from org/apache/jmeter/images/icon.properties
2020-07-08 17:05:04,659 INFO o.a.j.e.u.CompoundVariable: Note: Function class names must contain the string: '.functions.'
2020-07-08 17:05:04,660 INFO o.a.j.e.u.CompoundVariable: Note: Function class names must not contain the string: '.gui.'
2020-07-08 17:05:05,728 INFO k.a.j.JMeterPluginsUtils: JMeter-Plugins.org v.1.4.0
2020-07-08 17:05:05,786 WARN o.a.j.g.u.MenuFactory: Configuration error, probably corrupt or missing third party library(jar)? Could not create class: kg.apc.jmeter.reporters.LoadosophiaUploaderGui.
java.lang.NoClassDefFoundError: org/apache/commons/httpclient/methods/multipart/PartSource
	at kg.apc.jmeter.reporters.LoadosophiaUploaderGui.init(LoadosophiaUploaderGui.java:114) ~[JMeterPlugins-Standard.jar:?]
	at kg.apc.jmeter.reporters.LoadosophiaUploaderGui.<init>(LoadosophiaUploaderGui.java:28) ~[JMeterPlugins-Standard.jar:?]
	at sun.reflect.NativeConstructorAccessorImpl.newInstance0(Native Method) ~[?:1.8.0_181]
	at sun.reflect.NativeConstructorAccessorImpl.newInstance(NativeConstructorAccessorImpl.java:62) ~[?:1.8.0_181]
	at sun.reflect.DelegatingConstructorAccessorImpl.newInstance(DelegatingConstructorAccessorImpl.java:45) ~[?:1.8.0_181]
	at java.lang.reflect.Constructor.newInstance(Constructor.java:423) ~[?:1.8.0_181]
	at java.lang.Class.newInstance(Class.java:442) ~[?:1.8.0_181]
	at org.apache.jmeter.gui.util.MenuFactory.getGUIComponent(MenuFactory.java:174) ~[ApacheJMeter_core.jar:4.0 r1823414]
	at org.apache.jmeter.gui.util.MenuFactory.initializeMenus(MenuFactory.java:141) ~[ApacheJMeter_core.jar:4.0 r1823414]
	at org.apache.jmeter.gui.util.MenuFactory.<clinit>(MenuFactory.java:106) ~[ApacheJMeter_core.jar:4.0 r1823414]
	at org.apache.jmeter.control.gui.TestPlanGui.createPopupMenu(TestPlanGui.java:92) ~[ApacheJMeter_core.jar:4.0 r1823414]
	at org.apache.jmeter.gui.tree.JMeterTreeNode.createPopupMenu(JMeterTreeNode.java:155) ~[ApacheJMeter_core.jar:4.0 r1823414]
	at org.apache.jmeter.gui.action.EditCommand.doAction(EditCommand.java:46) ~[ApacheJMeter_core.jar:4.0 r1823414]
	at org.apache.jmeter.gui.action.ActionRouter.performAction(ActionRouter.java:88) ~[ApacheJMeter_core.jar:4.0 r1823414]
	at org.apache.jmeter.gui.action.ActionRouter.lambda$actionPerformed$0(ActionRouter.java:70) ~[ApacheJMeter_core.jar:4.0 r1823414]
	at java.awt.event.InvocationEvent.dispatch(InvocationEvent.java:311) [?:1.8.0_181]
	at java.awt.EventQueue.dispatchEventImpl(EventQueue.java:758) [?:1.8.0_181]
	at java.awt.EventQueue.access$500(EventQueue.java:97) [?:1.8.0_181]
	at java.awt.EventQueue$3.run(EventQueue.java:709) [?:1.8.0_181]
	at java.awt.EventQueue$3.run(EventQueue.java:703) [?:1.8.0_181]
	at java.security.AccessController.doPrivileged(Native Method) [?:1.8.0_181]
	at java.security.ProtectionDomain$JavaSecurityAccessImpl.doIntersectionPrivilege(ProtectionDomain.java:74) [?:1.8.0_181]
	at java.awt.EventQueue.dispatchEvent(EventQueue.java:728) [?:1.8.0_181]
	at java.awt.EventDispatchThread.pumpOneEventForFilters(EventDispatchThread.java:205) [?:1.8.0_181]
	at java.awt.EventDispatchThread.pumpEventsForFilter(EventDispatchThread.java:116) [?:1.8.0_181]
	at java.awt.EventDispatchThread.pumpEventsForHierarchy(EventDispatchThread.java:105) [?:1.8.0_181]
	at java.awt.EventDispatchThread.pumpEvents(EventDispatchThread.java:101) [?:1.8.0_181]
	at java.awt.EventDispatchThread.pumpEvents(EventDispatchThread.java:93) [?:1.8.0_181]
	at java.awt.EventDispatchThread.run(EventDispatchThread.java:82) [?:1.8.0_181]
Caused by: java.lang.ClassNotFoundException: org.apache.commons.httpclient.methods.multipart.PartSource
	at java.net.URLClassLoader.findClass(URLClassLoader.java:381) ~[?:1.8.0_181]
	at java.lang.ClassLoader.loadClass(ClassLoader.java:424) ~[?:1.8.0_181]
	at java.lang.ClassLoader.loadClass(ClassLoader.java:357) ~[?:1.8.0_181]
	... 29 more
2020-07-08 17:05:06,381 INFO o.a.j.p.h.s.HTTPSamplerBase: Parser for text/html is org.apache.jmeter.protocol.http.parser.LagartoBasedHtmlParser
2020-07-08 17:05:06,382 INFO o.a.j.p.h.s.HTTPSamplerBase: Parser for application/xhtml+xml is org.apache.jmeter.protocol.http.parser.LagartoBasedHtmlParser
2020-07-08 17:05:06,382 INFO o.a.j.p.h.s.HTTPSamplerBase: Parser for application/xml is org.apache.jmeter.protocol.http.parser.LagartoBasedHtmlParser
2020-07-08 17:05:06,382 INFO o.a.j.p.h.s.HTTPSamplerBase: Parser for text/xml is org.apache.jmeter.protocol.http.parser.LagartoBasedHtmlParser
2020-07-08 17:05:06,382 INFO o.a.j.p.h.s.HTTPSamplerBase: Parser for text/vnd.wap.wml is org.apache.jmeter.protocol.http.parser.RegexpHTMLParser
2020-07-08 17:05:06,382 INFO o.a.j.p.h.s.HTTPSamplerBase: Parser for text/css is org.apache.jmeter.protocol.http.parser.CssParser
2020-07-08 17:05:06,692 INFO o.a.j.e.KeyToolUtils: keytool found at 'keytool'
2020-07-08 17:05:06,693 INFO o.a.j.p.h.p.ProxyControl: HTTP(S) Test Script Recorder SSL Proxy will use keys that support embedded 3rd party resources in file /Users/klook1/Downloads/apache-jmeter-4.0/bin/proxyserver.jks
2020-07-08 17:05:06,827 INFO o.a.j.s.FileServer: Default base='/Users/klook1/bill/jmeter_package/test'
2020-07-08 17:05:07,068 INFO o.a.j.s.SampleResult: Note: Sample TimeStamps are START times
2020-07-08 17:05:07,068 INFO o.a.j.s.SampleResult: sampleresult.default.encoding is set to ISO-8859-1
2020-07-08 17:05:07,068 INFO o.a.j.s.SampleResult: sampleresult.useNanoTime=true
2020-07-08 17:05:07,068 INFO o.a.j.s.SampleResult: sampleresult.nanoThreadSleep=5000
2020-07-08 17:05:32,810 INFO o.a.j.g.a.Load: Loading file: /Users/klook1/bill/jmeter_package/test/house_tracking.jmx
2020-07-08 17:05:32,810 INFO o.a.j.s.FileServer: Set new base='/Users/klook1/bill/jmeter_package/test'
2020-07-08 17:05:32,919 INFO o.a.j.s.SaveService: Testplan (JMX) version: 2.2. Testlog (JTL) version: 2.2
2020-07-08 17:05:32,932 INFO o.a.j.s.SaveService: Using SaveService properties file encoding UTF-8
2020-07-08 17:05:32,933 INFO o.a.j.s.SaveService: Using SaveService properties version 4.0
2020-07-08 17:05:32,936 INFO o.a.j.s.SaveService: Loading file: /Users/klook1/bill/jmeter_package/test/house_tracking.jmx
2020-07-08 17:05:33,122 INFO o.a.j.s.FileServer: Set new base='/Users/klook1/bill/jmeter_package/test'
2020-07-08 17:05:54,240 INFO o.a.j.u.JMeterUtils: Setting Locale to zh_CN
2020-07-08 17:06:40,956 ERROR o.a.j.g.a.Save: Failed to backup file: /Users/klook1/bill/jmeter_package/test/house_tracking.jmx
java.io.FileNotFoundException: /Users/klook1/Downloads/apache-jmeter-4.0/backups/house_tracking-000001.jmx (Permission denied)
	at java.io.FileOutputStream.open0(Native Method) ~[?:1.8.0_181]
	at java.io.FileOutputStream.open(FileOutputStream.java:270) ~[?:1.8.0_181]
	at java.io.FileOutputStream.<init>(FileOutputStream.java:213) ~[?:1.8.0_181]
	at java.io.FileOutputStream.<init>(FileOutputStream.java:162) ~[?:1.8.0_181]
	at org.apache.commons.io.FileUtils.doCopyFile(FileUtils.java:1123) ~[commons-io-2.6.jar:2.6]
	at org.apache.commons.io.FileUtils.copyFile(FileUtils.java:1076) ~[commons-io-2.6.jar:2.6]
	at org.apache.commons.io.FileUtils.copyFile(FileUtils.java:1028) ~[commons-io-2.6.jar:2.6]
	at org.apache.jmeter.gui.action.Save.createBackupFile(Save.java:350) ~[ApacheJMeter_core.jar:4.0 r1823414]
	at org.apache.jmeter.gui.action.Save.doAction(Save.java:211) ~[ApacheJMeter_core.jar:4.0 r1823414]
	at org.apache.jmeter.gui.action.ActionRouter.performAction(ActionRouter.java:88) ~[ApacheJMeter_core.jar:4.0 r1823414]
	at org.apache.jmeter.gui.action.ActionRouter.lambda$actionPerformed$0(ActionRouter.java:70) ~[ApacheJMeter_core.jar:4.0 r1823414]
	at java.awt.event.InvocationEvent.dispatch(InvocationEvent.java:311) [?:1.8.0_181]
	at java.awt.EventQueue.dispatchEventImpl(EventQueue.java:758) [?:1.8.0_181]
	at java.awt.EventQueue.access$500(EventQueue.java:97) [?:1.8.0_181]
	at java.awt.EventQueue$3.run(EventQueue.java:709) [?:1.8.0_181]
	at java.awt.EventQueue$3.run(EventQueue.java:703) [?:1.8.0_181]
	at java.security.AccessController.doPrivileged(Native Method) [?:1.8.0_181]
	at java.security.ProtectionDomain$JavaSecurityAccessImpl.doIntersectionPrivilege(ProtectionDomain.java:74) [?:1.8.0_181]
	at java.awt.EventQueue.dispatchEvent(EventQueue.java:728) [?:1.8.0_181]
	at java.awt.EventDispatchThread.pumpOneEventForFilters(EventDispatchThread.java:205) [?:1.8.0_181]
	at java.awt.EventDispatchThread.pumpEventsForFilter(EventDispatchThread.java:116) [?:1.8.0_181]
	at java.awt.EventDispatchThread.pumpEventsForHierarchy(EventDispatchThread.java:105) [?:1.8.0_181]
	at java.awt.EventDispatchThread.pumpEvents(EventDispatchThread.java:101) [?:1.8.0_181]
	at java.awt.EventDispatchThread.pumpEvents(EventDispatchThread.java:93) [?:1.8.0_181]
	at java.awt.EventDispatchThread.run(EventDispatchThread.java:82) [?:1.8.0_181]
2020-07-08 17:06:53,623 ERROR o.a.j.g.a.Save: Failed to backup file: /Users/klook1/bill/jmeter_package/test/house_tracking.jmx
java.io.FileNotFoundException: /Users/klook1/Downloads/apache-jmeter-4.0/backups/house_tracking-000001.jmx (Permission denied)
	at java.io.FileOutputStream.open0(Native Method) ~[?:1.8.0_181]
	at java.io.FileOutputStream.open(FileOutputStream.java:270) ~[?:1.8.0_181]
	at java.io.FileOutputStream.<init>(FileOutputStream.java:213) ~[?:1.8.0_181]
	at java.io.FileOutputStream.<init>(FileOutputStream.java:162) ~[?:1.8.0_181]
	at org.apache.commons.io.FileUtils.doCopyFile(FileUtils.java:1123) ~[commons-io-2.6.jar:2.6]
	at org.apache.commons.io.FileUtils.copyFile(FileUtils.java:1076) ~[commons-io-2.6.jar:2.6]
	at org.apache.commons.io.FileUtils.copyFile(FileUtils.java:1028) ~[commons-io-2.6.jar:2.6]
	at org.apache.jmeter.gui.action.Save.createBackupFile(Save.java:350) ~[ApacheJMeter_core.jar:4.0 r1823414]
	at org.apache.jmeter.gui.action.Save.doAction(Save.java:211) ~[ApacheJMeter_core.jar:4.0 r1823414]
	at org.apache.jmeter.gui.action.ActionRouter.performAction(ActionRouter.java:88) ~[ApacheJMeter_core.jar:4.0 r1823414]
	at org.apache.jmeter.gui.action.ActionRouter.lambda$actionPerformed$0(ActionRouter.java:70) ~[ApacheJMeter_core.jar:4.0 r1823414]
	at java.awt.event.InvocationEvent.dispatch(InvocationEvent.java:311) [?:1.8.0_181]
	at java.awt.EventQueue.dispatchEventImpl(EventQueue.java:758) [?:1.8.0_181]
	at java.awt.EventQueue.access$500(EventQueue.java:97) [?:1.8.0_181]
	at java.awt.EventQueue$3.run(EventQueue.java:709) [?:1.8.0_181]
	at java.awt.EventQueue$3.run(EventQueue.java:703) [?:1.8.0_181]
	at java.security.AccessController.doPrivileged(Native Method) [?:1.8.0_181]
	at java.security.ProtectionDomain$JavaSecurityAccessImpl.doIntersectionPrivilege(ProtectionDomain.java:74) [?:1.8.0_181]
	at java.awt.EventQueue.dispatchEvent(EventQueue.java:728) [?:1.8.0_181]
	at java.awt.EventDispatchThread.pumpOneEventForFilters(EventDispatchThread.java:205) [?:1.8.0_181]
	at java.awt.EventDispatchThread.pumpEventsForFilter(EventDispatchThread.java:116) [?:1.8.0_181]
	at java.awt.EventDispatchThread.pumpEventsForHierarchy(EventDispatchThread.java:105) [?:1.8.0_181]
	at java.awt.EventDispatchThread.pumpEvents(EventDispatchThread.java:101) [?:1.8.0_181]
	at java.awt.EventDispatchThread.pumpEvents(EventDispatchThread.java:93) [?:1.8.0_181]
	at java.awt.EventDispatchThread.run(EventDispatchThread.java:82) [?:1.8.0_181]
